Flow05        2.51120980e-01
Flow08        4.83300550e-01
fcob05        1.96944246e+00
fcob06        2.00224529e+00
fcob08        1.95799474e+00
orgn05        1.78435699e+03
orgn06        1.45652765e+03
orgn08        1.84148032e+03
nh405         5.17862036e+03
nh406         5.03012686e+03
nh408         5.46921530e+03
no305         5.76995106e+02
no306         6.90001450e+02
no308         7.04729587e+02
orgp05        6.74585766e+01
orgp06        4.30475011e+01
orgp08        5.24618780e+01
inorgp05      5.92882247e+00
inorgp06      2.78065306e+00
inorgp08      3.47630533e+00
doave0500     7.22919466e+00
doave0600     7.25499578e+00
doave0800     7.10600753e+00
doave0501     7.17895810e+00
doave0601     7.10389167e+00
doave0801     6.77079377e+00
doave0502     7.27939278e+00
doave0602     7.17498315e+00
doave0802     6.53161863e+00
doave0503     7.41279002e+00
doave0603     7.30100891e+00
doave0803     6.53381264e+00
doave0504     7.54201504e+00
doave0604     7.42945274e+00
doave0804     6.62236043e+00
doave0505     7.64967452e+00
doave0605     7.53843740e+00
doave0805     6.71991150e+00
doave0506     8.06143475e+00
doave0606     7.90488955e+00
doave0806     7.61758260e+00
doave0507     1.16067979e+01
doave0607     9.75999898e+00
doave0807     1.53291008e+01
doave0508     1.64819351e+01
doave0608     1.53660584e+01
doave0808     1.54711153e+01
doave0509     1.31545854e+01
doave0609     1.34764072e+01
doave0809     1.33432841e+01
doave0510     1.15887531e+01
doave0610     1.17373988e+01
doave0810     1.18891264e+01
doave0511     1.11908087e+01
doave0611     1.15583340e+01
doave0811     1.15990087e+01
doave0512     1.12303644e+01
doave0612     1.16722801e+01
doave0812     1.16125643e+01
doave0513     1.12626291e+01
doave0613     1.16622902e+01
doave0813     1.16124542e+01
doave0514     1.12041028e+01
doave0614     1.16076595e+01
doave0814     1.15553069e+01
doave0515     1.08964782e+01
doave0615     1.15339003e+01
doave0815     1.12559449e+01
doave0516     1.05241809e+01
doave0616     1.11836937e+01
doave0816     1.08567015e+01
doave0517     9.98323007e+00
doave0617     1.07851682e+01
doave0817     1.05240549e+01
doave0518     1.01189309e+01
doave0618     9.95138510e+00
doave0818     1.04846103e+01
doave0519     9.71890008e+00
doave0619     9.00843049e+00
doave0819     1.05394672e+01
doave0520     8.51929597e+00
doave0620     8.05840393e+00
doave0820     9.16870280e+00
doave0521     7.71107044e+00
doave0621     7.52272601e+00
doave0821     7.78674953e+00
doave0522     7.56969336e+00
doave0622     7.44627865e+00
doave0822     7.34252079e+00
doave0523     7.46475560e+00
doave0623     7.39869903e+00
doave0823     7.20871486e+00
domin0500     7.15085333e+00
domin0600     7.12043349e+00
domin0800     6.99350742e+00
domin0501     7.15321624e+00
domin0601     7.09568847e+00
domin0801     6.62127948e+00
domin0502     7.23293486e+00
domin0602     7.13449375e+00
domin0802     6.50678260e+00
domin0503     7.35168515e+00
domin0603     7.24148097e+00
domin0803     6.50841119e+00
domin0504     7.49660209e+00
domin0604     7.38383638e+00
domin0804     6.58481917e+00
domin0505     7.60824245e+00
domin0605     7.49628025e+00
domin0805     6.68053359e+00
domin0506     7.70944480e+00
domin0606     7.59951475e+00
domin0806     6.77816153e+00
domin0507     9.48590483e+00
domin0607     8.84765287e+00
domin0807     1.12773137e+01
domin0508     1.51634143e+01
domin0608     1.19313273e+01
domin0808     1.43447473e+01
domin0509     1.18938837e+01
domin0609     1.21647454e+01
domin0809     1.23715856e+01
domin0510     1.12561124e+01
domin0610     1.15723645e+01
domin0810     1.16820382e+01
domin0511     1.11842610e+01
domin0611     1.15393823e+01
domin0811     1.15662724e+01
domin0512     1.11831666e+01
domin0612     1.15882834e+01
domin0812     1.15614139e+01
domin0513     1.12478337e+01
domin0613     1.16329352e+01
domin0813     1.15893519e+01
domin0514     1.11708360e+01
domin0614     1.15899272e+01
domin0814     1.15291468e+01
domin0515     1.07299461e+01
domin0615     1.14796903e+01
domin0815     1.10544136e+01
domin0516     1.03948242e+01
domin0616     1.10212885e+01
domin0816     1.07248477e+01
domin0517     9.73859674e+00
domin0617     1.06128042e+01
domin0817     1.03748893e+01
domin0518     9.64929306e+00
domin0618     9.45135525e+00
domin0818     1.00164294e+01
domin0519     9.31318815e+00
domin0619     8.71457255e+00
domin0819     1.01873048e+01
domin0520     8.01306906e+00
domin0620     7.71379513e+00
domin0820     8.46094516e+00
domin0521     7.61014255e+00
domin0621     7.46191633e+00
domin0821     7.49116374e+00
domin0522     7.54441378e+00
domin0622     7.43779949e+00
domin0822     7.27427129e+00
domin0523     7.38288797e+00
domin0623     7.35425824e+00
domin0823     7.16602162e+00
domax0500     7.33375865e+00
domax0600     7.38399364e+00
domax0800     7.18445830e+00
domax0501     7.21174927e+00
domax0601     7.11832508e+00
domax0801     6.92958251e+00
domax0502     7.32710918e+00
domax0602     7.21815009e+00
domax0802     6.57503813e+00
domax0503     7.47315816e+00
domax0603     7.36044406e+00
domax0803     6.56746999e+00
domax0504     7.58667052e+00
domax0604     7.47443739e+00
domax0804     6.66079620e+00
domax0505     7.69016873e+00
domax0605     7.57974651e+00
domax0805     6.75902259e+00
domax0506     8.80851823e+00
domax0606     8.54507712e+00
domax0806     9.49074349e+00
domax0507     1.39488078e+01
domax0607     1.08466166e+01
domax0807     1.82614435e+01
domax0508     1.82381024e+01
domax0608     1.75372268e+01
domax0808     1.72072006e+01
domax0509     1.46485607e+01
domax0609     1.53963213e+01
domax0809     1.42292529e+01
domax0510     1.20328286e+01
domax0610     1.19600774e+01
domax0810     1.21566299e+01
domax0511     1.11965788e+01
domax0611     1.15741435e+01
domax0811     1.16355601e+01
domax0512     1.12551951e+01
domax0612     1.17295127e+01
domax0812     1.16486537e+01
domax0513     1.12712938e+01
domax0613     1.17015542e+01
domax0813     1.16371462e+01
domax0514     1.12349698e+01
domax0614     1.16239377e+01
domax0814     1.15784470e+01
domax0515     1.11274744e+01
domax0615     1.15788427e+01
domax0815     1.14940586e+01
domax0516     1.06585058e+01
domax0616     1.13674135e+01
domax0816     1.09873568e+01
domax0517     1.03021333e+01
domax0617     1.09490650e+01
domax0817     1.06568016e+01
domax0518     1.07454240e+01
domax0618     1.04855237e+01
domax0818     1.09628203e+01
domax0519     1.02158653e+01
domax0619     9.31519936e+00
domax0819     1.07607994e+01
domax0520     9.09806675e+00
domax0620     8.49737111e+00
domax0820     9.84272210e+00
domax0521     7.87360460e+00
domax0621     7.62493633e+00
domax0821     8.19106947e+00
domax0522     7.59412998e+00
domax0622     7.45461561e+00
domax0822     7.42655370e+00
domax0523     7.52698319e+00
domax0623     7.43064076e+00
domax0823     7.25071478e+00
tempave0500   1.90768706e+01
tempave0600   1.99585590e+01
tempave0800   1.97458218e+01
tempave0501   1.84571360e+01
tempave0601   1.92754884e+01
tempave0801   1.91829730e+01
tempave0502   1.79247637e+01
tempave0602   1.86891966e+01
tempave0802   1.86913928e+01
tempave0503   1.73794867e+01
tempave0603   1.80845367e+01
tempave0803   1.81772277e+01
tempave0504   1.69015532e+01
tempave0604   1.75474260e+01
tempave0804   1.77158810e+01
tempave0505   1.65248133e+01
tempave0605   1.71171833e+01
tempave0805   1.73439371e+01
tempave0506   1.61869557e+01
tempave0606   1.67225791e+01
tempave0806   1.70046776e+01
tempave0507   1.59526662e+01
tempave0607   1.64353400e+01
tempave0807   1.68211882e+01
tempave0508   1.59649274e+01
tempave0608   1.64210885e+01
tempave0808   1.69193063e+01
tempave0509   1.63682690e+01
tempave0609   1.69425694e+01
tempave0809   1.73368067e+01
tempave0510   1.71925487e+01
tempave0610   1.79641845e+01
tempave0810   1.80921267e+01
tempave0511   1.84842300e+01
tempave0611   1.93330026e+01
tempave0811   1.90714987e+01
tempave0512   2.05076562e+01
tempave0612   2.15964562e+01
tempave0812   2.05457206e+01
tempave0513   2.26871480e+01
tempave0613   2.33689287e+01
tempave0813   2.19344509e+01
tempave0514   2.41623476e+01
tempave0614   2.43913322e+01
tempave0814   2.28882452e+01
tempave0515   2.45189291e+01
tempave0615   2.52773967e+01
tempave0815   2.33461059e+01
tempave0516   2.42033332e+01
tempave0616   2.53298558e+01
tempave0816   2.33569818e+01
tempave0517   2.36979302e+01
tempave0617   2.49625057e+01
tempave0817   2.32833387e+01
tempave0518   2.29309399e+01
tempave0618   2.42690831e+01
tempave0818   2.29693690e+01
tempave0519   2.21176331e+01
tempave0619   2.33667662e+01
tempave0819   2.24128205e+01
tempave0520   2.14421220e+01
tempave0620   2.25950237e+01
tempave0820   2.18440706e+01
tempave0521   2.07815520e+01
tempave0621   2.18463733e+01
tempave0821   2.12605567e+01
tempave0522   2.01469326e+01
tempave0622   2.11431441e+01
tempave0822   2.07033644e+01
tempave0523   1.95939638e+01
tempave0623   2.05327441e+01
tempave0823   2.02126082e+01
tempmin0500   1.87815514e+01
tempmin0600   1.96322239e+01
tempmin0800   1.94786659e+01
tempmin0501   1.82413400e+01
tempmin0601   1.90381409e+01
tempmin0801   1.89851514e+01
tempmin0502   1.77175712e+01
tempmin0602   1.84604132e+01
tempmin0802   1.84979067e+01
tempmin0503   1.71510718e+01
tempmin0603   1.78291574e+01
tempmin0803   1.79584664e+01
tempmin0504   1.67419703e+01
tempmin0604   1.73664107e+01
tempmin0804   1.75597239e+01
tempmin0505   1.63889951e+01
tempmin0605   1.69600037e+01
tempmin0805   1.72075905e+01
tempmin0506   1.60598019e+01
tempmin0606   1.65733767e+01
tempmin0806   1.68835025e+01
tempmin0507   1.58963780e+01
tempmin0607   1.63581961e+01
tempmin0807   1.68060136e+01
tempmin0508   1.58857974e+01
tempmin0608   1.63388458e+01
tempmin0808   1.68204020e+01
tempmin0509   1.61110754e+01
tempmin0609   1.65844919e+01
tempmin0809   1.71079411e+01
tempmin0510   1.68183371e+01
tempmin0610   1.75212455e+01
tempmin0810   1.77473113e+01
tempmin0511   1.77862666e+01
tempmin0611   1.86513009e+01
tempmin0811   1.86292205e+01
tempmin0512   1.94564826e+01
tempmin0612   2.03520676e+01
tempmin0812   1.97555151e+01
tempmin0513   2.19376718e+01
tempmin0613   2.29674925e+01
tempmin0813   2.15234333e+01
tempmin0514   2.36644903e+01
tempmin0614   2.39916368e+01
tempmin0814   2.25287245e+01
tempmin0515   2.43769174e+01
tempmin0615   2.49458840e+01
tempmin0815   2.33384080e+01
tempmin0516   2.40859484e+01
tempmin0616   2.51895657e+01
tempmin0816   2.33461373e+01
tempmin0517   2.34172820e+01
tempmin0617   2.47901416e+01
tempmin0817   2.32182513e+01
tempmin0518   2.25871263e+01
tempmin0618   2.38757316e+01
tempmin0818   2.27554791e+01
tempmin0519   2.18289644e+01
tempmin0619   2.30436823e+01
tempmin0819   2.21835068e+01
tempmin0520   2.11938902e+01
tempmin0620   2.23092066e+01
tempmin0820   2.16234027e+01
tempmin0521   2.04909632e+01
tempmin0621   2.15229904e+01
tempmin0821   2.10057234e+01
tempmin0522   1.99194829e+01
tempmin0622   2.08923625e+01
tempmin0822   2.05027894e+01
tempmin0523   1.93873596e+01
tempmin0623   2.03036076e+01
tempmin0823   2.00270354e+01
tempmax0500   1.92915396e+01
tempmax0600   2.01966457e+01
tempmax0800   1.99401169e+01
tempmax0501   1.86734405e+01
tempmax0601   1.95133395e+01
tempmax0801   1.93805694e+01
tempmax0502   1.81343838e+01
tempmax0602   1.89204015e+01
tempmax0802   1.88864046e+01
tempmax0503   1.76165998e+01
tempmax0603   1.83486428e+01
tempmax0803   1.84029009e+01
tempmax0504   1.70650668e+01
tempmax0604   1.77323971e+01
tempmax0804   1.78752810e+01
tempmax0505   1.66659348e+01
tempmax0605   1.72796796e+01
tempmax0805   1.74847525e+01
tempmax0506   1.63260118e+01
tempmax0606   1.68863558e+01
tempmax0806   1.71436046e+01
tempmax0507   1.60179338e+01
tempmax0607   1.65215393e+01
tempmax0807   1.68516280e+01
tempmax0508   1.60520021e+01
tempmax0608   1.65136798e+01
tempmax0808   1.70344810e+01
tempmax0509   1.66397291e+01
tempmax0609   1.73091687e+01
tempmax0809   1.75889318e+01
tempmax0510   1.75650397e+01
tempmax0610   1.84065777e+01
tempmax0810   1.84423704e+01
tempmax0511   1.91365687e+01
tempmax0611   1.99953738e+01
tempmax0811   1.95142814e+01
tempmax0512   2.15004449e+01
tempmax0612   2.27502339e+01
tempmax0812   2.12999512e+01
tempmax0513   2.33735934e+01
tempmax0613   2.37820388e+01
tempmax0813   2.23370137e+01
tempmax0514   2.46221118e+01
tempmax0614   2.47739738e+01
tempmax0814   2.32305596e+01
tempmax0515   2.47543470e+01
tempmax0615   2.55514785e+01
tempmax0815   2.33552405e+01
tempmax0516   2.43203834e+01
tempmax0616   2.54823690e+01
tempmax0816   2.33620469e+01
tempmax0517   2.40033957e+01
tempmax0617   2.51227499e+01
tempmax0817   2.33318647e+01
tempmax0518   2.32871920e+01
tempmax0618   2.46781429e+01
tempmax0818   2.31667189e+01
tempmax0519   2.24216415e+01
tempmax0619   2.37003466e+01
tempmax0819   2.26427592e+01
tempmax0520   2.16959362e+01
tempmax0620   2.28899279e+01
tempmax0820   2.20691707e+01
tempmax0521   2.10742861e+01
tempmax0621   2.21737967e+01
tempmax0821   2.15176895e+01
tempmax0522   2.03756200e+01
tempmax0622   2.13954495e+01
tempmax0822   2.09045818e+01
tempmax0523   1.98073013e+01
tempmax0623   2.07687314e+01
tempmax0823   2.04033409e+01
pHave0500     7.82390922e+00
pHave0600     8.41184288e+00
pHave0800     9.54785894e+00
pHave0501     7.25968035e+00
pHave0601     7.33923522e+00
pHave0801     8.25298764e+00
pHave0502     7.21540394e+00
pHave0602     7.25063839e+00
pHave0802     7.34549226e+00
pHave0503     7.20638971e+00
pHave0603     7.23190713e+00
pHave0803     7.20050806e+00
pHave0504     7.20626770e+00
pHave0604     7.22929954e+00
pHave0804     7.16170340e+00
pHave0505     7.20833962e+00
pHave0605     7.23057578e+00
pHave0805     7.15165794e+00
pHave0506     7.30929613e+00
pHave0606     7.31709190e+00
pHave0806     7.56489933e+00
pHave0507     9.46654718e+00
pHave0607     8.65661111e+00
pHave0807     1.03965996e+01
pHave0508     1.08374137e+01
pHave0608     1.05330465e+01
pHave0808     1.08400623e+01
pHave0509     1.08600688e+01
pHave0609     1.08392644e+01
pHave0809     1.08246885e+01
pHave0510     1.08303038e+01
pHave0610     1.08026245e+01
pHave0810     1.07976716e+01
pHave0511     1.07841785e+01
pHave0611     1.07541390e+01
pHave0811     1.07629473e+01
pHave0512     1.07131315e+01
pHave0612     1.06754695e+01
pHave0812     1.07113473e+01
pHave0513     1.06381327e+01
pHave0613     1.06149539e+01
pHave0813     1.06633777e+01
pHave0514     1.05883065e+01
pHave0614     1.05805965e+01
pHave0814     1.06308413e+01
pHave0515     1.05763639e+01
pHave0615     1.05511033e+01
pHave0815     1.06153252e+01
pHave0516     1.05869158e+01
pHave0616     1.05493599e+01
pHave0816     1.06149576e+01
pHave0517     1.06038934e+01
pHave0617     1.05615464e+01
pHave0817     1.06174468e+01
pHave0518     1.06298185e+01
pHave0618     1.05844354e+01
pHave0818     1.06280816e+01
pHave0519     1.06382231e+01
pHave0619     1.06004506e+01
pHave0819     1.06468136e+01
pHave0520     1.05587846e+01
pHave0620     1.05197198e+01
pHave0820     1.06176760e+01
pHave0521     1.02991037e+01
pHave0621     1.03094334e+01
pHave0821     1.04592996e+01
pHave0522     9.92407845e+00
pHave0622     1.00078344e+01
pHave0822     1.02327922e+01
pHave0523     9.34929420e+00
pHave0623     9.59277127e+00
pHave0823     9.95482066e+00
pHmin0500     7.33677789e+00
pHmin0600     7.50886989e+00
pHmin0800     9.21285940e+00
pHmin0501     7.23085814e+00
pHmin0601     7.28078631e+00
pHmin0801     7.58361030e+00
pHmin0502     7.20939663e+00
pHmin0602     7.23877534e+00
pHmin0802     7.25867464e+00
pHmin0503     7.20564476e+00
pHmin0603     7.22952324e+00
pHmin0803     7.17497744e+00
pHmin0504     7.20573787e+00
pHmin0604     7.22915835e+00
pHmin0804     7.15570848e+00
pHmin0505     7.20736390e+00
pHmin0605     7.22984405e+00
pHmin0805     7.14997205e+00
pHmin0506     7.20990821e+00
pHmin0606     7.23180957e+00
pHmin0806     7.14956305e+00
pHmin0507     8.19627389e+00
pHmin0607     7.72081196e+00
pHmin0807     9.67687477e+00
pHmin0508     1.06910575e+01
pHmin0608     9.84372668e+00
pHmin0808     1.08355583e+01
pHmin0509     1.08502303e+01
pHmin0609     1.08260591e+01
pHmin0809     1.08156401e+01
pHmin0510     1.08169190e+01
pHmin0610     1.07868553e+01
pHmin0810     1.07852004e+01
pHmin0511     1.07610579e+01
pHmin0611     1.07308667e+01
pHmin0811     1.07473407e+01
pHmin0512     1.06786953e+01
pHmin0612     1.06359037e+01
pHmin0812     1.06851804e+01
pHmin0513     1.06148216e+01
pHmin0613     1.06010147e+01
pHmin0813     1.06495939e+01
pHmin0514     1.05729179e+01
pHmin0614     1.05678169e+01
pHmin0814     1.06192315e+01
pHmin0515     1.05685108e+01
pHmin0615     1.05420284e+01
pHmin0815     1.06150168e+01
pHmin0516     1.05829964e+01
pHmin0616     1.05443123e+01
pHmin0816     1.06147865e+01
pHmin0517     1.05936182e+01
pHmin0617     1.05562227e+01
pHmin0817     1.06158063e+01
pHmin0518     1.06177430e+01
pHmin0618     1.05710084e+01
pHmin0818     1.06213915e+01
pHmin0519     1.06338744e+01
pHmin0619     1.05924573e+01
pHmin0819     1.06391739e+01
pHmin0520     1.04821639e+01
pHmin0620     1.04560897e+01
pHmin0820     1.05734203e+01
pHmin0521     1.01504998e+01
pHmin0621     1.01899897e+01
pHmin0821     1.03678928e+01
pHmin0522     9.75353160e+00
pHmin0622     9.87192891e+00
pHmin0822     1.01340865e+01
pHmin0523     8.95582536e+00
pHmin0623     9.36126654e+00
pHmin0823     9.82226388e+00
pHmax0500     8.52572869e+00
pHmax0600     9.18937963e+00
pHmax0800     9.76085664e+00
pHmax0501     7.29932693e+00
pHmax0601     7.42209119e+00
pHmax0801     9.01076816e+00
pHmax0502     7.22358692e+00
pHmax0602     7.26663426e+00
pHmax0802     7.46417113e+00
pHmax0503     7.20793842e+00
pHmax0603     7.23572242e+00
pHmax0803     7.23518841e+00
pHmax0504     7.20692947e+00
pHmax0604     7.22955619e+00
pHmax0804     7.16922098e+00
pHmax0505     7.20935950e+00
pHmax0605     7.23136669e+00
pHmax0805     7.15389099e+00
pHmax0506     7.57164754e+00
pHmax0606     7.53817312e+00
pHmax0806     8.97569534e+00
pHmax0507     1.03264201e+01
pHmax0607     9.51024834e+00
pHmax0807     1.08437563e+01
pHmax0508     1.08763012e+01
pHmax0608     1.08566608e+01
pHmax0808     1.08432792e+01
pHmax0509     1.08694036e+01
pHmax0609     1.08521882e+01
pHmax0809     1.08329128e+01
pHmax0510     1.08437759e+01
pHmax0610     1.08184487e+01
pHmax0810     1.08099712e+01
pHmax0511     1.08090012e+01
pHmax0611     1.07781723e+01
pHmax0811     1.07785711e+01
pHmax0512     1.07497953e+01
pHmax0612     1.07184207e+01
pHmax0812     1.07388772e+01
pHmax0513     1.06636771e+01
pHmax0613     1.06285270e+01
pHmax0813     1.06774800e+01
pHmax0514     1.06050107e+01
pHmax0614     1.05939720e+01
pHmax0814     1.06430564e+01
pHmax0515     1.05811057e+01
pHmax0615     1.05620974e+01
pHmax0815     1.06155853e+01
pHmax0516     1.05908487e+01
pHmax0616     1.05540065e+01
pHmax0816     1.06153240e+01
pHmax0517     1.06133479e+01
pHmax0617     1.05672775e+01
pHmax0817     1.06196477e+01
pHmax0518     1.06414947e+01
pHmax0618     1.05963716e+01
pHmax0818     1.06353403e+01
pHmax0519     1.06401131e+01
pHmax0619     1.06039720e+01
pHmax0819     1.06538457e+01
pHmax0520     1.06223638e+01
pHmax0620     1.05768391e+01
pHmax0820     1.06478911e+01
pHmax0521     1.04355426e+01
pHmax0621     1.04188288e+01
pHmax0821     1.05439262e+01
pHmax0522     1.00818840e+01
pHmax0622     1.01345913e+01
pHmax0822     1.03261973e+01
pHmax0523     9.65078089e+00
pHmax0623     9.79281043e+00
pHmax0823     1.00790596e+01
